<?xml version="1.0" encoding="UTF-8"?>
<!-- Generated by org.testng.reporters.JUnitReportReporter -->
<testsuite hostname="PCA18" failures="0" tests="6" name="test.LoginTest" time="7.765" errors="0" timestamp="2024-05-27T16:33:14 IST" skipped="0">
  <testcase classname="test.LoginTest" name="loginUser" time="6.664"/>
  <system-out/>
  <testcase classname="test.LoginTest" name="addItemToCart" time="0.110"/>
  <system-out/>
  <testcase classname="test.LoginTest" name="verifyCartDetailsTest" time="0.091"/>
  <system-out/>
  <testcase classname="test.LoginTest" name="enterCheckOutInfoTest" time="0.670"/>
  <system-out/>
  <testcase classname="test.LoginTest" name="verifyCheckOutOverviewTest" time="0.160"/>
  <system-out/>
  <testcase classname="test.LoginTest" name="checkOutConfirmationTest" time="0.070"/>
  <system-out/>
</testsuite> <!-- test.LoginTest -->
