<?xml version="1.0" encoding="UTF-8"?>
<!-- Generated by org.testng.reporters.JUnitReportReporter -->
<testsuite hostname="PCA18" failures="0" tests="6" name="test.LoginTest" time="6.580" errors="0" timestamp="2024-04-19T15:41:40 IST" skipped="0">
  <testcase classname="test.LoginTest" name="loginUser" time="5.487"/>
  <system-out/>
  <testcase classname="test.LoginTest" name="addItemToCart" time="0.138"/>
  <system-out/>
  <testcase classname="test.LoginTest" name="verifyCartDetailsTest" time="0.083"/>
  <system-out/>
  <testcase classname="test.LoginTest" name="enterCheckOutInfoTest" time="0.665"/>
  <system-out/>
  <testcase classname="test.LoginTest" name="verifyCheckOutOverviewTest" time="0.136"/>
  <system-out/>
  <testcase classname="test.LoginTest" name="checkOutConfirmationTest" time="0.071"/>
  <system-out/>
</testsuite> <!-- test.LoginTest -->
