<?xml version="1.0" encoding="UTF-8"?>
<!-- Generated by org.testng.reporters.JUnitReportReporter -->
<testsuite hostname="PCA18" failures="0" tests="6" name="test.LoginTest" time="6.181" errors="0" timestamp="2024-04-22T22:21:36 IST" skipped="0">
  <testcase classname="test.LoginTest" name="loginUser" time="5.415"/>
  <testcase classname="test.LoginTest" name="addItemToCart" time="0.051"/>
  <testcase classname="test.LoginTest" name="verifyCartDetailsTest" time="0.076"/>
  <testcase classname="test.LoginTest" name="enterCheckOutInfoTest" time="0.479"/>
  <testcase classname="test.LoginTest" name="verifyCheckOutOverviewTest" time="0.111"/>
  <testcase classname="test.LoginTest" name="checkOutConfirmationTest" time="0.049"/>
</testsuite> <!-- test.LoginTest -->
